This is pdfTeX, Version 3.141592653-2.6-1.40.27 (MiKTeX 25.4) (preloaded format=pdflatex 2025.12.8)  10 DEC 2025 14:33
entering extended mode
 restricted \write18 enabled.
 file:line:error style messages enabled.
 %&-line parsing enabled.
**"c:/Users/User/Downloads/CSE_400_Report_2025 (1)/main.tex"
(c:/Users/User/Downloads/CSE_400_Report_2025 (1)/main.tex
LaTeX2e <2025-11-01>
L3 programming layer <2025-11-06>
(C:\Users\User\AppData\Local\Programs\MiKTeX\tex/latex/base\report.cls
Document Class: report 2025/01/22 v1.4n Standard LaTeX document class
(C:\Users\User\AppData\Local\Programs\MiKTeX\tex/latex/base\size12.clo
File: size12.clo 2025/01/22 v1.4n Standard LaTeX file (size option)
)
\c@part=\count275
\c@chapter=\count276
\c@section=\count277
\c@subsection=\count278
\c@subsubsection=\count279
\c@paragraph=\count280
\c@subparagraph=\count281
\c@figure=\count282
\c@table=\count283
\abovecaptionskip=\skip49
\belowcaptionskip=\skip50
\bibindent=\dimen148
) (C:\Users\User\AppData\Local\Programs\MiKTeX\tex/latex/setspace\setspace.sty
Package: setspace 2022/12/04 v6.7b set line spacing
) (C:\Users\User\AppData\Local\Programs\MiKTeX\tex/latex/base\inputenc.sty
Package: inputenc 2024/02/08 v1.3d Input encoding file
\inpenc@prehook=\toks17
\inpenc@posthook=\toks18
) (C:\Users\User\AppData\Local\Programs\MiKTeX\tex/latex/appendix\appendix.sty
Package: appendix 2020/02/08 v1.2c extra appendix facilities
\c@@pps=\count284
\c@@ppsavesec=\count285
\c@@ppsaveapp=\count286
) (C:\Users\User\AppData\Local\Programs\MiKTeX\tex/latex/graphics\graphicx.sty
Package: graphicx 2024/12/31 v1.2e Enhanced LaTeX Graphics (DPC,SPQR)
 (C:\Users\User\AppData\Local\Programs\MiKTeX\tex/latex/graphics\keyval.sty
Package: keyval 2022/05/29 v1.15 key=value parser (DPC)
\KV@toks@=\toks19
) (C:\Users\User\AppData\Local\Programs\MiKTeX\tex/latex/graphics\graphics.sty
Package: graphics 2024/08/06 v1.4g Standard LaTeX Graphics (DPC,SPQR)
 (C:\Users\User\AppData\Local\Programs\MiKTeX\tex/latex/graphics\trig.sty
Package: trig 2023/12/02 v1.11 sin cos tan (DPC)
) (C:\Users\User\AppData\Local\Programs\MiKTeX\tex/latex/graphics-cfg\graphics.cfg
File: graphics.cfg 2016/06/04 v1.11 sample graphics configuration
)
Package graphics Info: Driver file: pdftex.def on input line 106.
 (C:\Users\User\AppData\Local\Programs\MiKTeX\tex/latex/graphics-def\pdftex.def
File: pdftex.def 2025/09/29 v1.2d Graphics/color driver for pdftex
))
\Gin@req@height=\dimen149
\Gin@req@width=\dimen150
) (C:\Users\User\AppData\Local\Programs\MiKTeX\tex/latex/listings\listings.sty
\lst@mode=\count287
\lst@gtempboxa=\box53
\lst@token=\toks20
\lst@length=\count288
\lst@currlwidth=\dimen151
\lst@column=\count289
\lst@pos=\count290
\lst@lostspace=\dimen152
\lst@width=\dimen153
\lst@newlines=\count291
\lst@lineno=\count292
\lst@maxwidth=\dimen154
 (C:\Users\User\AppData\Local\Programs\MiKTeX\tex/latex/listings\lstpatch.sty
File: lstpatch.sty 2025/11/14 1.11b (Carsten Heinz)
) (C:\Users\User\AppData\Local\Programs\MiKTeX\tex/latex/listings\lstmisc.sty
File: lstmisc.sty 2025/11/14 1.11b (Carsten Heinz)
\c@lstnumber=\count293
\lst@skipnumbers=\count294
\lst@framebox=\box54
) (C:\Users\User\AppData\Local\Programs\MiKTeX\tex/latex/listings\listings.cfg
File: listings.cfg 2025/11/14 1.11b listings configuration
))
Package: listings 2025/11/14 1.11b (Carsten Heinz)

==> First Aid for listings.sty no longer applied!
    Expected:
        2024/09/23 1.10c (Carsten Heinz)
    but found:
        2025/11/14 1.11b (Carsten Heinz)
    so I'm assuming it got fixed.
(C:\Users\User\AppData\Local\Programs\MiKTeX\tex/latex/float\float.sty
Package: float 2001/11/08 v1.3d Float enhancements (AL)
\c@float@type=\count295
\float@exts=\toks21
\float@box=\box55
\@float@everytoks=\toks22
\@floatcapt=\box56
) (C:\Users\User\AppData\Local\Programs\MiKTeX\tex/latex/multirow\multirow.sty
Package: multirow 2024/11/12 v2.9 Span multiple rows of a table
\multirow@colwidth=\skip51
\multirow@cntb=\count296
\multirow@dima=\skip52
\bigstrutjot=\dimen155
) (C:\Users\User\AppData\Local\Programs\MiKTeX\tex/latex/booktabs\booktabs.sty
Package: booktabs 2020/01/12 v1.61803398 Publication quality tables
\heavyrulewidth=\dimen156
\lightrulewidth=\dimen157
\cmidrulewidth=\dimen158
\belowrulesep=\dimen159
\belowbottomsep=\dimen160
\aboverulesep=\dimen161
\abovetopsep=\dimen162
\cmidrulesep=\dimen163
\cmidrulekern=\dimen164
\defaultaddspace=\dimen165
\@cmidla=\count297
\@cmidlb=\count298
\@aboverulesep=\dimen166
\@belowrulesep=\dimen167
\@thisruleclass=\count299
\@lastruleclass=\count300
\@thisrulewidth=\dimen168
) (C:\Users\User\AppData\Local\Programs\MiKTeX\tex/latex/algorithms\algorithm.sty
Package: algorithm 2009/08/24 v0.1 Document Style `algorithm' - floating environment
 (C:\Users\User\AppData\Local\Programs\MiKTeX\tex/latex/base\ifthen.sty
Package: ifthen 2024/03/16 v1.1e Standard LaTeX ifthen package (DPC)
)
\@float@every@algorithm=\toks23
\c@algorithm=\count301
) (C:\Users\User\AppData\Local\Programs\MiKTeX\tex/latex/algorithmicx\algpseudocode.sty
Package: algpseudocode 
 (C:\Users\User\AppData\Local\Programs\MiKTeX\tex/latex/algorithmicx\algorithmicx.sty
Package: algorithmicx 2005/04/27 v1.2 Algorithmicx

Document Style algorithmicx 1.2 - a greatly improved `algorithmic' style
\c@ALG@line=\count302
\c@ALG@rem=\count303
\c@ALG@nested=\count304
\ALG@tlm=\skip53
\ALG@thistlm=\skip54
\c@ALG@Lnr=\count305
\c@ALG@blocknr=\count306
\c@ALG@storecount=\count307
\c@ALG@tmpcounter=\count308
\ALG@tmplength=\skip55
)
Document Style - pseudocode environments for use with the `algorithmicx' style
) (C:\Users\User\AppData\Local\Programs\MiKTeX\tex/latex/colortbl\colortbl.sty
Package: colortbl 2024/10/29 v1.0k Color table columns (DPC)
 (C:\Users\User\AppData\Local\Programs\MiKTeX\tex/latex/tools\array.sty
Package: array 2025/09/25 v2.6n Tabular extension package (FMi)
\col@sep=\dimen169
\ar@mcellbox=\box57
\extrarowheight=\dimen170
\NC@list=\toks24
\extratabsurround=\skip56
\backup@length=\skip57
\ar@cellbox=\box58
) (C:\Users\User\AppData\Local\Programs\MiKTeX\tex/latex/graphics\color.sty
Package: color 2025/01/14 v1.3e Standard LaTeX Color (DPC)
 (C:\Users\User\AppData\Local\Programs\MiKTeX\tex/latex/graphics-cfg\color.cfg
File: color.cfg 2016/01/02 v1.6 sample color configuration
)
Package color Info: Driver file: pdftex.def on input line 149.
 (C:\Users\User\AppData\Local\Programs\MiKTeX\tex/latex/graphics\mathcolor.ltx))
\everycr=\toks25
\minrowclearance=\skip58
\rownum=\count309
) (C:\Users\User\AppData\Local\Programs\MiKTeX\tex/latex/cite\cite.sty
LaTeX Info: Redefining \cite on input line 302.
LaTeX Info: Redefining \nocite on input line 332.
Package: cite 2015/02/27  v 5.5
) (C:\Users\User\AppData\Local\Programs\MiKTeX\tex/latex/hyperref\hyperref.sty
Package: hyperref 2025-07-12 v7.01o Hypertext links for LaTeX
 (C:\Users\User\AppData\Local\Programs\MiKTeX\tex/generic/iftex\iftex.sty
Package: iftex 2024/12/12 v1.0g TeX engine tests
) (C:\Users\User\AppData\Local\Programs\MiKTeX\tex/latex/kvsetkeys\kvsetkeys.sty
Package: kvsetkeys 2022-10-05 v1.19 Key value parser (HO)
) (C:\Users\User\AppData\Local\Programs\MiKTeX\tex/generic/kvdefinekeys\kvdefinekeys.sty
Package: kvdefinekeys 2019-12-19 v1.6 Define keys (HO)
) (C:\Users\User\AppData\Local\Programs\MiKTeX\tex/generic/pdfescape\pdfescape.sty
Package: pdfescape 2019/12/09 v1.15 Implements pdfTeX's escape features (HO)
 (C:\Users\User\AppData\Local\Programs\MiKTeX\tex/generic/ltxcmds\ltxcmds.sty
Package: ltxcmds 2023-12-04 v1.26 LaTeX kernel commands for general use (HO)
) (C:\Users\User\AppData\Local\Programs\MiKTeX\tex/generic/pdftexcmds\pdftexcmds.sty
Package: pdftexcmds 2020-06-27 v0.33 Utility functions of pdfTeX for LuaTeX (HO)
 (C:\Users\User\AppData\Local\Programs\MiKTeX\tex/generic/infwarerr\infwarerr.sty
Package: infwarerr 2019/12/03 v1.5 Providing info/warning/error messages (HO)
)
Package pdftexcmds Info: \pdf@primitive is available.
Package pdftexcmds Info: \pdf@ifprimitive is available.
Package pdftexcmds Info: \pdfdraftmode found.
)) (C:\Users\User\AppData\Local\Programs\MiKTeX\tex/latex/hycolor\hycolor.sty
Package: hycolor 2020-01-27 v1.10 Color options for hyperref/bookmark (HO)
) (C:\Users\User\AppData\Local\Programs\MiKTeX\tex/latex/hyperref\nameref.sty
Package: nameref 2025-06-21 v2.57 Cross-referencing by name of section
 (C:\Users\User\AppData\Local\Programs\MiKTeX\tex/latex/refcount\refcount.sty
Package: refcount 2019/12/15 v3.6 Data extraction from label references (HO)
) (C:\Users\User\AppData\Local\Programs\MiKTeX\tex/generic/gettitlestring\gettitlestring.sty
Package: gettitlestring 2019/12/15 v1.6 Cleanup title references (HO)
 (C:\Users\User\AppData\Local\Programs\MiKTeX\tex/latex/kvoptions\kvoptions.sty
Package: kvoptions 2022-06-15 v3.15 Key value format for package options (HO)
))
\c@section@level=\count310
) (C:\Users\User\AppData\Local\Programs\MiKTeX\tex/latex/etoolbox\etoolbox.sty
Package: etoolbox 2025/10/02 v2.5m e-TeX tools for LaTeX (JAW)
\etb@tempcnta=\count311
) (C:\Users\User\AppData\Local\Programs\MiKTeX\tex/generic/stringenc\stringenc.sty
Package: stringenc 2019/11/29 v1.12 Convert strings between diff. encodings (HO)
)
\@linkdim=\dimen171
\Hy@linkcounter=\count312
\Hy@pagecounter=\count313
 (C:\Users\User\AppData\Local\Programs\MiKTeX\tex/latex/hyperref\pd1enc.def
File: pd1enc.def 2025-07-12 v7.01o Hyperref: PDFDocEncoding definition (HO)
Now handling font encoding PD1 ...
... no UTF-8 mapping file for font encoding PD1
) (C:\Users\User\AppData\Local\Programs\MiKTeX\tex/generic/intcalc\intcalc.sty
Package: intcalc 2019/12/15 v1.3 Expandable calculations with integers (HO)
)
\Hy@SavedSpaceFactor=\count314
 (C:\Users\User\AppData\Local\Programs\MiKTeX\tex/latex/hyperref\puenc.def
File: puenc.def 2025-07-12 v7.01o Hyperref: PDF Unicode definition (HO)
Now handling font encoding PU ...
... no UTF-8 mapping file for font encoding PU
)
Package hyperref Info: Hyper figures OFF on input line 4195.
Package hyperref Info: Link nesting OFF on input line 4200.
Package hyperref Info: Hyper index ON on input line 4203.
Package hyperref Info: Plain pages OFF on input line 4210.
Package hyperref Info: Backreferencing OFF on input line 4215.
Package hyperref Info: Implicit mode ON; LaTeX internals redefined.
Package hyperref Info: Bookmarks ON on input line 4462.
\c@Hy@tempcnt=\count315
 (C:\Users\User\AppData\Local\Programs\MiKTeX\tex/latex/url\url.sty
\Urlmuskip=\muskip17
Package: url 2013/09/16  ver 3.4  Verb mode for urls, etc.
)
LaTeX Info: Redefining \url on input line 4801.
\XeTeXLinkMargin=\dimen172
 (C:\Users\User\AppData\Local\Programs\MiKTeX\tex/generic/bitset\bitset.sty
Package: bitset 2019/12/09 v1.3 Handle bit-vector datatype (HO)
 (C:\Users\User\AppData\Local\Programs\MiKTeX\tex/generic/bigintcalc\bigintcalc.sty
Package: bigintcalc 2019/12/15 v1.5 Expandable calculations on big integers (HO)
))
\Fld@menulength=\count316
\Field@Width=\dimen173
\Fld@charsize=\dimen174
Package hyperref Info: Hyper figures OFF on input line 6078.
Package hyperref Info: Link nesting OFF on input line 6083.
Package hyperref Info: Hyper index ON on input line 6086.
Package hyperref Info: backreferencing OFF on input line 6093.
Package hyperref Info: Link coloring OFF on input line 6098.
Package hyperref Info: Link coloring with OCG OFF on input line 6103.
Package hyperref Info: PDF/A mode OFF on input line 6108.
\Hy@abspage=\count317
\c@Item=\count318
\c@Hfootnote=\count319
)
Package hyperref Info: Driver (autodetected): hpdftex.
 (C:\Users\User\AppData\Local\Programs\MiKTeX\tex/latex/hyperref\hpdftex.def
File: hpdftex.def 2025-07-12 v7.01o Hyperref driver for pdfTeX
\Fld@listcount=\count320
\c@bookmark@seq@number=\count321
 (C:\Users\User\AppData\Local\Programs\MiKTeX\tex/latex/rerunfilecheck\rerunfilecheck.sty
Package: rerunfilecheck 2025-06-21 v1.11 Rerun checks for auxiliary files (HO)
 (C:\Users\User\AppData\Local\Programs\MiKTeX\tex/generic/uniquecounter\uniquecounter.sty
Package: uniquecounter 2019/12/15 v1.4 Provide unlimited unique counter (HO)
)
Package uniquecounter Info: New unique counter `rerunfilecheck' on input line 284.
)
\Hy@SectionHShift=\skip59
)
Package hyperref Info: Option `colorlinks' set `true' on input line 22.
 (C:\Users\User\AppData\Local\Programs\MiKTeX\tex/latex/tools\afterpage.sty
Package: afterpage 2023/07/04 v1.08 After-Page Package (DPC)
\AP@output=\toks26
\AP@partial=\box59
\AP@footins=\box60
) (C:\Users\User\AppData\Local\Programs\MiKTeX\tex/latex/pgf/basiclayer\pgf.sty (C:\Users\User\AppData\Local\Programs\MiKTeX\tex/latex/pgf/utilities\pgfrcs.sty (C:\Users\User\AppData\Local\Programs\MiKTeX\tex/generic/pgf/utilities\pgfutil-common.tex
\pgfutil@everybye=\toks27
\pgfutil@tempdima=\dimen175
\pgfutil@tempdimb=\dimen176
) (C:\Users\User\AppData\Local\Programs\MiKTeX\tex/generic/pgf/utilities\pgfutil-latex.def
\pgfutil@abb=\box61
) (C:\Users\User\AppData\Local\Programs\MiKTeX\tex/generic/pgf/utilities\pgfrcs.code.tex (C:\Users\User\AppData\Local\Programs\MiKTeX\tex/generic/pgf\pgf.revision.tex)
Package: pgfrcs 2025-08-29 v3.1.11a (3.1.11a)
))
Package: pgf 2025-08-29 v3.1.11a (3.1.11a)
 (C:\Users\User\AppData\Local\Programs\MiKTeX\tex/latex/pgf/basiclayer\pgfcore.sty (C:\Users\User\AppData\Local\Programs\MiKTeX\tex/latex/pgf/systemlayer\pgfsys.sty (C:\Users\User\AppData\Local\Programs\MiKTeX\tex/generic/pgf/systemlayer\pgfsys.code.tex
Package: pgfsys 2025-08-29 v3.1.11a (3.1.11a)
 (C:\Users\User\AppData\Local\Programs\MiKTeX\tex/generic/pgf/utilities\pgfkeys.code.tex
\pgfkeys@pathtoks=\toks28
\pgfkeys@temptoks=\toks29
 (C:\Users\User\AppData\Local\Programs\MiKTeX\tex/generic/pgf/utilities\pgfkeyslibraryfiltered.code.tex
\pgfkeys@tmptoks=\toks30
))
\pgf@x=\dimen177
\pgf@y=\dimen178
\pgf@xa=\dimen179
\pgf@ya=\dimen180
\pgf@xb=\dimen181
\pgf@yb=\dimen182
\pgf@xc=\dimen183
\pgf@yc=\dimen184
\pgf@xd=\dimen185
\pgf@yd=\dimen186
\w@pgf@writea=\write3
\r@pgf@reada=\read2
\c@pgf@counta=\count322
\c@pgf@countb=\count323
\c@pgf@countc=\count324
\c@pgf@countd=\count325
\t@pgf@toka=\toks31
\t@pgf@tokb=\toks32
\t@pgf@tokc=\toks33
\pgf@sys@id@count=\count326
 (C:\Users\User\AppData\Local\Programs\MiKTeX\tex/generic/pgf/systemlayer\pgf.cfg
File: pgf.cfg 2025-08-29 v3.1.11a (3.1.11a)
)
Driver file for pgf: pgfsys-pdftex.def
 (C:\Users\User\AppData\Local\Programs\MiKTeX\tex/generic/pgf/systemlayer\pgfsys-pdftex.def
File: pgfsys-pdftex.def 2025-08-29 v3.1.11a (3.1.11a)
 (C:\Users\User\AppData\Local\Programs\MiKTeX\tex/generic/pgf/systemlayer\pgfsys-common-pdf.def
File: pgfsys-common-pdf.def 2025-08-29 v3.1.11a (3.1.11a)
))) (C:\Users\User\AppData\Local\Programs\MiKTeX\tex/generic/pgf/systemlayer\pgfsyssoftpath.code.tex
File: pgfsyssoftpath.code.tex 2025-08-29 v3.1.11a (3.1.11a)
\pgfsyssoftpath@smallbuffer@items=\count327
\pgfsyssoftpath@bigbuffer@items=\count328
) (C:\Users\User\AppData\Local\Programs\MiKTeX\tex/generic/pgf/systemlayer\pgfsysprotocol.code.tex
File: pgfsysprotocol.code.tex 2025-08-29 v3.1.11a (3.1.11a)
)) (C:\Users\User\AppData\Local\Programs\MiKTeX\tex/latex/xcolor\xcolor.sty
Package: xcolor 2024/09/29 v3.02 LaTeX color extensions (UK)
 (C:\Users\User\AppData\Local\Programs\MiKTeX\tex/latex/graphics-cfg\color.cfg
File: color.cfg 2016/01/02 v1.6 sample color configuration
)
Package xcolor Info: Driver file: pdftex.def on input line 274.
LaTeX Info: Redefining \color on input line 762.
 (C:\Users\User\AppData\Local\Programs\MiKTeX\tex/latex/graphics\mathcolor.ltx)
Package xcolor Info: Model `cmy' substituted by `cmy0' on input line 1349.
Package xcolor Info: Model `hsb' substituted by `rgb' on input line 1353.
Package xcolor Info: Model `RGB' extended on input line 1365.
Package xcolor Info: Model `HTML' substituted by `rgb' on input line 1367.
Package xcolor Info: Model `Hsb' substituted by `hsb' on input line 1368.
Package xcolor Info: Model `tHsb' substituted by `hsb' on input line 1369.
Package xcolor Info: Model `HSB' substituted by `hsb' on input line 1370.
Package xcolor Info: Model `Gray' substituted by `gray' on input line 1371.
Package xcolor Info: Model `wave' substituted by `hsb' on input line 1372.
) (C:\Users\User\AppData\Local\Programs\MiKTeX\tex/generic/pgf/basiclayer\pgfcore.code.tex
Package: pgfcore 2025-08-29 v3.1.11a (3.1.11a)
 (C:\Users\User\AppData\Local\Programs\MiKTeX\tex/generic/pgf/math\pgfmath.code.tex (C:\Users\User\AppData\Local\Programs\MiKTeX\tex/generic/pgf/math\pgfmathutil.code.tex) (C:\Users\User\AppData\Local\Programs\MiKTeX\tex/generic/pgf/math\pgfmathparser.code.tex
\pgfmath@dimen=\dimen187
\pgfmath@count=\count329
\pgfmath@box=\box62
\pgfmath@toks=\toks34
\pgfmath@stack@operand=\toks35
\pgfmath@stack@operation=\toks36
) (C:\Users\User\AppData\Local\Programs\MiKTeX\tex/generic/pgf/math\pgfmathfunctions.code.tex) (C:\Users\User\AppData\Local\Programs\MiKTeX\tex/generic/pgf/math\pgfmathfunctions.basic.code.tex) (C:\Users\User\AppData\Local\Programs\MiKTeX\tex/generic/pgf/math\pgfmathfunctions.trigonometric.code.tex) (C:\Users\User\AppData\Local\Programs\MiKTeX\tex/generic/pgf/math\pgfmathfunctions.random.code.tex) (C:\Users\User\AppData\Local\Programs\MiKTeX\tex/generic/pgf/math\pgfmathfunctions.comparison.code.tex) (C:\Users\User\AppData\Local\Programs\MiKTeX\tex/generic/pgf/math\pgfmathfunctions.base.code.tex) (C:\Users\User\AppData\Local\Programs\MiKTeX\tex/generic/pgf/math\pgfmathfunctions.round.code.tex) (C:\Users\User\AppData\Local\Programs\MiKTeX\tex/generic/pgf/math\pgfmathfunctions.misc.code.tex) (C:\Users\User\AppData\Local\Programs\MiKTeX\tex/generic/pgf/math\pgfmathfunctions.integerarithmetics.code.tex) (C:\Users\User\AppData\Local\Programs\MiKTeX\tex/generic/pgf/math\pgfmathcalc.code.tex) (C:\Users\User\AppData\Local\Programs\MiKTeX\tex/generic/pgf/math\pgfmathfloat.code.tex
\c@pgfmathroundto@lastzeros=\count330
)) (C:\Users\User\AppData\Local\Programs\MiKTeX\tex/generic/pgf/math\pgfint.code.tex) (C:\Users\User\AppData\Local\Programs\MiKTeX\tex/generic/pgf/basiclayer\pgfcorepoints.code.tex
File: pgfcorepoints.code.tex 2025-08-29 v3.1.11a (3.1.11a)
\pgf@picminx=\dimen188
\pgf@picmaxx=\dimen189
\pgf@picminy=\dimen190
\pgf@picmaxy=\dimen191
\pgf@pathminx=\dimen192
\pgf@pathmaxx=\dimen193
\pgf@pathminy=\dimen194
\pgf@pathmaxy=\dimen195
\pgf@xx=\dimen196
\pgf@xy=\dimen197
\pgf@yx=\dimen198
\pgf@yy=\dimen199
\pgf@zx=\dimen256
\pgf@zy=\dimen257
) (C:\Users\User\AppData\Local\Programs\MiKTeX\tex/generic/pgf/basiclayer\pgfcorepathconstruct.code.tex
File: pgfcorepathconstruct.code.tex 2025-08-29 v3.1.11a (3.1.11a)
\pgf@path@lastx=\dimen258
\pgf@path@lasty=\dimen259
) (C:\Users\User\AppData\Local\Programs\MiKTeX\tex/generic/pgf/basiclayer\pgfcorepathusage.code.tex
File: pgfcorepathusage.code.tex 2025-08-29 v3.1.11a (3.1.11a)
\pgf@shorten@end@additional=\dimen260
\pgf@shorten@start@additional=\dimen261
) (C:\Users\User\AppData\Local\Programs\MiKTeX\tex/generic/pgf/basiclayer\pgfcorescopes.code.tex
File: pgfcorescopes.code.tex 2025-08-29 v3.1.11a (3.1.11a)
\pgfpic=\box63
\pgf@hbox=\box64
\pgf@layerbox@main=\box65
\pgf@picture@serial@count=\count331
) (C:\Users\User\AppData\Local\Programs\MiKTeX\tex/generic/pgf/basiclayer\pgfcoregraphicstate.code.tex
File: pgfcoregraphicstate.code.tex 2025-08-29 v3.1.11a (3.1.11a)
\pgflinewidth=\dimen262
) (C:\Users\User\AppData\Local\Programs\MiKTeX\tex/generic/pgf/basiclayer\pgfcoretransformations.code.tex
File: pgfcoretransformations.code.tex 2025-08-29 v3.1.11a (3.1.11a)
\pgf@pt@x=\dimen263
\pgf@pt@y=\dimen264
\pgf@pt@temp=\dimen265
) (C:\Users\User\AppData\Local\Programs\MiKTeX\tex/generic/pgf/basiclayer\pgfcorequick.code.tex
File: pgfcorequick.code.tex 2025-08-29 v3.1.11a (3.1.11a)
) (C:\Users\User\AppData\Local\Programs\MiKTeX\tex/generic/pgf/basiclayer\pgfcoreobjects.code.tex
File: pgfcoreobjects.code.tex 2025-08-29 v3.1.11a (3.1.11a)
) (C:\Users\User\AppData\Local\Programs\MiKTeX\tex/generic/pgf/basiclayer\pgfcorepathprocessing.code.tex
File: pgfcorepathprocessing.code.tex 2025-08-29 v3.1.11a (3.1.11a)
) (C:\Users\User\AppData\Local\Programs\MiKTeX\tex/generic/pgf/basiclayer\pgfcorearrows.code.tex
File: pgfcorearrows.code.tex 2025-08-29 v3.1.11a (3.1.11a)
\pgfarrowsep=\dimen266
) (C:\Users\User\AppData\Local\Programs\MiKTeX\tex/generic/pgf/basiclayer\pgfcoreshade.code.tex
File: pgfcoreshade.code.tex 2025-08-29 v3.1.11a (3.1.11a)
\pgf@max=\dimen267
\pgf@sys@shading@range@num=\count332
\pgf@shadingcount=\count333
) (C:\Users\User\AppData\Local\Programs\MiKTeX\tex/generic/pgf/basiclayer\pgfcoreimage.code.tex
File: pgfcoreimage.code.tex 2025-08-29 v3.1.11a (3.1.11a)
) (C:\Users\User\AppData\Local\Programs\MiKTeX\tex/generic/pgf/basiclayer\pgfcoreexternal.code.tex
File: pgfcoreexternal.code.tex 2025-08-29 v3.1.11a (3.1.11a)
\pgfexternal@startupbox=\box66
) (C:\Users\User\AppData\Local\Programs\MiKTeX\tex/generic/pgf/basiclayer\pgfcorelayers.code.tex
File: pgfcorelayers.code.tex 2025-08-29 v3.1.11a (3.1.11a)
) (C:\Users\User\AppData\Local\Programs\MiKTeX\tex/generic/pgf/basiclayer\pgfcoretransparency.code.tex
File: pgfcoretransparency.code.tex 2025-08-29 v3.1.11a (3.1.11a)
) (C:\Users\User\AppData\Local\Programs\MiKTeX\tex/generic/pgf/basiclayer\pgfcorepatterns.code.tex
File: pgfcorepatterns.code.tex 2025-08-29 v3.1.11a (3.1.11a)
) (C:\Users\User\AppData\Local\Programs\MiKTeX\tex/generic/pgf/basiclayer\pgfcorerdf.code.tex
File: pgfcorerdf.code.tex 2025-08-29 v3.1.11a (3.1.11a)
))) (C:\Users\User\AppData\Local\Programs\MiKTeX\tex/generic/pgf/modules\pgfmoduleshapes.code.tex
File: pgfmoduleshapes.code.tex 2025-08-29 v3.1.11a (3.1.11a)
\pgfnodeparttextbox=\box67
) (C:\Users\User\AppData\Local\Programs\MiKTeX\tex/generic/pgf/modules\pgfmoduleplot.code.tex
File: pgfmoduleplot.code.tex 2025-08-29 v3.1.11a (3.1.11a)
) (C:\Users\User\AppData\Local\Programs\MiKTeX\tex/latex/pgf/compatibility\pgfcomp-version-0-65.sty
Package: pgfcomp-version-0-65 2025-08-29 v3.1.11a (3.1.11a)
\pgf@nodesepstart=\dimen268
\pgf@nodesepend=\dimen269
) (C:\Users\User\AppData\Local\Programs\MiKTeX\tex/latex/pgf/compatibility\pgfcomp-version-1-18.sty
Package: pgfcomp-version-1-18 2025-08-29 v3.1.11a (3.1.11a)
)) (C:\Users\User\AppData\Local\Programs\MiKTeX\tex/latex/pgf/utilities\pgfpages.sty
Package: pgfpages 2011/01/05 ver 0.02
 (C:\Users\User\AppData\Local\Programs\MiKTeX\tex/latex/tools\calc.sty
Package: calc 2025/03/01 v4.3b Infix arithmetic (KKT,FJ)
\calc@Acount=\count334
\calc@Bcount=\count335
\calc@Adimen=\dimen270
\calc@Bdimen=\dimen271
\calc@Askip=\skip60
\calc@Bskip=\skip61
LaTeX Info: Redefining \setlength on input line 86.
LaTeX Info: Redefining \addtolength on input line 87.
\calc@Ccount=\count336
\calc@Cskip=\skip62
)
\pgf@logicalpages=\count337
\pgf@firstshipout=\count338
\pgf@lastshipout=\count339
\pgf@currentshipout=\count340
\pgf@cpn=\count341
\pgf@shipoutnextto=\count342
\pgfphysicalheight=\dimen272
\pgfphysicalwidth=\dimen273
\pgfpages@shipoutbox=\box68
) (C:\Users\User\AppData\Local\Programs\MiKTeX\tex/latex/geometry\geometry.sty
Package: geometry 2020/01/02 v5.9 Page Geometry
 (C:\Users\User\AppData\Local\Programs\MiKTeX\tex/generic/iftex\ifvtex.sty
Package: ifvtex 2019/10/25 v1.7 ifvtex legacy package. Use iftex instead.
)
\Gm@cnth=\count343
\Gm@cntv=\count344
\c@Gm@tempcnt=\count345
\Gm@bindingoffset=\dimen274
\Gm@wd@mp=\dimen275
\Gm@odd@mp=\dimen276
\Gm@even@mp=\dimen277
\Gm@layoutwidth=\dimen278
\Gm@layoutheight=\dimen279
\Gm@layouthoffset=\dimen280
\Gm@layoutvoffset=\dimen281
\Gm@dimlist=\toks37
 (C:\Users\User\AppData\Local\Programs\MiKTeX\tex/latex/geometry\geometry.cfg)) (C:\Users\User\AppData\Local\Programs\MiKTeX\tex/latex/fancyhdr\fancyhdr.sty
Package: fancyhdr 2025/02/07 v5.2 Extensive control of page headers and footers
\f@nch@headwidth=\skip63
\f@nch@offset@elh=\skip64
\f@nch@offset@erh=\skip65
\f@nch@offset@olh=\skip66
\f@nch@offset@orh=\skip67
\f@nch@offset@elf=\skip68
\f@nch@offset@erf=\skip69
\f@nch@offset@olf=\skip70
\f@nch@offset@orf=\skip71
\f@nch@height=\skip72
\f@nch@footalignment=\skip73
\f@nch@widthL=\skip74
\f@nch@widthC=\skip75
\f@nch@widthR=\skip76
\@temptokenb=\toks38
) (C:\Users\User\AppData\Local\Programs\MiKTeX\tex/latex/tools\longtable.sty
Package: longtable 2025-10-13 v4.24 Multi-page Table package (DPC)
\LTleft=\skip77
\LTright=\skip78
\LTpre=\skip79
\LTpost=\skip80
\LTchunksize=\count346
\LTcapwidth=\dimen282
\LT@head=\box69
\LT@firsthead=\box70
\LT@foot=\box71
\LT@lastfoot=\box72
\LT@gbox=\box73
\LT@cols=\count347
\LT@rows=\count348
\c@LT@tables=\count349
\c@LT@chunks=\count350
\LT@p@ftn=\toks39
) (C:\Users\User\AppData\Local\Programs\MiKTeX\tex/latex/ulem\ulem.sty
\UL@box=\box74
\UL@hyphenbox=\box75
\UL@skip=\skip81
\UL@hook=\toks40
\UL@height=\dimen283
\UL@pe=\count351
\UL@pixel=\dimen284
\ULC@box=\box76
Package: ulem 2019/11/18
\ULdepth=\dimen285
) (C:\Users\User\AppData\Local\Programs\MiKTeX\tex/latex/lm\lmodern.sty
Package: lmodern 2015/05/01 v1.6.1 Latin Modern Fonts
LaTeX Font Info:    Overwriting symbol font `operators' in version `normal'
(Font)                  OT1/cmr/m/n --> OT1/lmr/m/n on input line 22.
LaTeX Font Info:    Overwriting symbol font `letters' in version `normal'
(Font)                  OML/cmm/m/it --> OML/lmm/m/it on input line 23.
LaTeX Font Info:    Overwriting symbol font `symbols' in version `normal'
(Font)                  OMS/cmsy/m/n --> OMS/lmsy/m/n on input line 24.
LaTeX Font Info:    Overwriting symbol font `largesymbols' in version `normal'
(Font)                  OMX/cmex/m/n --> OMX/lmex/m/n on input line 25.
LaTeX Font Info:    Overwriting symbol font `operators' in version `bold'
(Font)                  OT1/cmr/bx/n --> OT1/lmr/bx/n on input line 26.
LaTeX Font Info:    Overwriting symbol font `letters' in version `bold'
(Font)                  OML/cmm/b/it --> OML/lmm/b/it on input line 27.
LaTeX Font Info:    Overwriting symbol font `symbols' in version `bold'
(Font)                  OMS/cmsy/b/n --> OMS/lmsy/b/n on input line 28.
LaTeX Font Info:    Overwriting symbol font `largesymbols' in version `bold'
(Font)                  OMX/cmex/m/n --> OMX/lmex/m/n on input line 29.
LaTeX Font Info:    Overwriting math alphabet `\mathbf' in version `normal'
(Font)                  OT1/cmr/bx/n --> OT1/lmr/bx/n on input line 31.
LaTeX Font Info:    Overwriting math alphabet `\mathsf' in version `normal'
(Font)                  OT1/cmss/m/n --> OT1/lmss/m/n on input line 32.
LaTeX Font Info:    Overwriting math alphabet `\mathit' in version `normal'
(Font)                  OT1/cmr/m/it --> OT1/lmr/m/it on input line 33.
LaTeX Font Info:    Overwriting math alphabet `\mathtt' in version `normal'
(Font)                  OT1/cmtt/m/n --> OT1/lmtt/m/n on input line 34.
LaTeX Font Info:    Overwriting math alphabet `\mathbf' in version `bold'
(Font)                  OT1/cmr/bx/n --> OT1/lmr/bx/n on input line 35.
LaTeX Font Info:    Overwriting math alphabet `\mathsf' in version `bold'
(Font)                  OT1/cmss/bx/n --> OT1/lmss/bx/n on input line 36.
LaTeX Font Info:    Overwriting math alphabet `\mathit' in version `bold'
(Font)                  OT1/cmr/bx/it --> OT1/lmr/bx/it on input line 37.
LaTeX Font Info:    Overwriting math alphabet `\mathtt' in version `bold'
(Font)                  OT1/cmtt/m/n --> OT1/lmtt/m/n on input line 38.
) (C:\Users\User\AppData\Local\Programs\MiKTeX\tex/latex/sectsty\sectsty.sty
Package: sectsty 2002/02/25 v2.0.2 Commands to change all sectional heading styles


LaTeX Warning: Command \underbar  has changed.
               Check if current package is valid.


LaTeX Warning: Command \underline  has changed.
               Check if current package is valid.

) (C:\Users\User\AppData\Local\Programs\MiKTeX\tex/latex/caption\caption.sty
Package: caption 2023/08/05 v3.6o Customizing captions (AR)
 (C:\Users\User\AppData\Local\Programs\MiKTeX\tex/latex/caption\caption3.sty
Package: caption3 2023/07/31 v2.4d caption3 kernel (AR)
\caption@tempdima=\dimen286
\captionmargin=\dimen287
\caption@leftmargin=\dimen288
\caption@rightmargin=\dimen289
\caption@width=\dimen290
\caption@indent=\dimen291
\caption@parindent=\dimen292
\caption@hangindent=\dimen293
Package caption Info: Standard document class detected.
)
\c@caption@flags=\count352
\c@continuedfloat=\count353
Package caption Info: float package is loaded.
Package caption Info: hyperref package is loaded.
Package caption Info: listings package is loaded.
Package caption Info: longtable package is loaded.
 (C:\Users\User\AppData\Local\Programs\MiKTeX\tex/latex/caption\ltcaption.sty
Package: ltcaption 2021/01/08 v1.4c longtable captions (AR)
)) (C:\Users\User\AppData\Local\Programs\MiKTeX\tex/latex/caption\subcaption.sty
Package: subcaption 2023/07/28 v1.6b Sub-captions (AR)
Package caption Info: New subtype `subfigure' on input line 238.
\c@subfigure=\count354
Package caption Info: New subtype `subtable' on input line 238.
\c@subtable=\count355
) (C:\Users\User\AppData\Local\Programs\MiKTeX\tex/latex/nomencl\nomencl.sty
Package: nomencl 2021/11/10 v5.6 Nomenclature package
 (C:\Users\User\AppData\Local\Programs\MiKTeX\tex/latex/xkeyval\xkeyval.sty
Package: xkeyval 2022/06/16 v2.9 package option processing (HA)
 (C:\Users\User\AppData\Local\Programs\MiKTeX\tex/generic/xkeyval\xkeyval.tex (C:\Users\User\AppData\Local\Programs\MiKTeX\tex/generic/xkeyval\xkvutils.tex
\XKV@toks=\toks41
\XKV@tempa@toks=\toks42
)
\XKV@depth=\count356
File: xkeyval.tex 2014/12/03 v2.7a key=value parser (HA)
)) (C:\Users\User\AppData\Local\Programs\MiKTeX\tex/latex/koma-script\tocbasic.sty
Package: tocbasic 2025/09/09 v3.48 KOMA-Script package (handling toc-files)
 (C:\Users\User\AppData\Local\Programs\MiKTeX\tex/latex/koma-script\scrbase.sty
Package: scrbase 2025/09/09 v3.48 KOMA-Script package (KOMA-Script-independent basics and keyval usage)
 (C:\Users\User\AppData\Local\Programs\MiKTeX\tex/latex/koma-script\scrlfile.sty
Package: scrlfile 2025/09/09 v3.48 KOMA-Script package (file load hooks)
 (C:\Users\User\AppData\Local\Programs\MiKTeX\tex/latex/koma-script\scrlfile-hook.sty
Package: scrlfile-hook 2025/09/09 v3.48 KOMA-Script package (using LaTeX hooks)
 (C:\Users\User\AppData\Local\Programs\MiKTeX\tex/latex/koma-script\scrlogo.sty
Package: scrlogo 2025/09/09 v3.48 KOMA-Script package (logo)
)))
Applying: [2021/05/01] Usage of raw or classic option list on input line 254.
Already applied: [0000/00/00] Usage of raw or classic option list on input line 370.
)
\scr@dte@tocline@numberwidth=\skip82
\scr@dte@tocline@numbox=\box77
)
Package tocbasic Info: omitting babel extension for `nlo'
(tocbasic)             because of missing \bbl@set@language on input line 187.
Package tocbasic Info: omitting babel extension for `nls'
(tocbasic)             because of missing \bbl@set@language on input line 188.
\nomlabelwidth=\dimen294
\nom@tempdim=\dimen295
\nomitemsep=\skip83
)
\@nomenclaturefile=\write4
\openout4 = `main.nlo'.

Package nomencl Info: Writing nomenclature file main.nlo on input line 155.
LaTeX Font Info:    Trying to load font information for OT1+lmr on input line 157.
 (C:\Users\User\AppData\Local\Programs\MiKTeX\tex/latex/lm\ot1lmr.fd
File: ot1lmr.fd 2015/05/01 v1.6.1 Font defs for Latin Modern
) (C:\Users\User\AppData\Local\Programs\MiKTeX\tex/latex/l3backend\l3backend-pdftex.def
File: l3backend-pdftex.def 2025-10-09 L3 backend support: PDF output (pdfTeX)
\l__color_backend_stack_int=\count357
) (main.aux)
\openout1 = `main.aux'.

LaTeX Font Info:    Checking defaults for OML/cmm/m/it on input line 157.
LaTeX Font Info:    ... okay on input line 157.
LaTeX Font Info:    Checking defaults for OMS/cmsy/m/n on input line 157.
LaTeX Font Info:    ... okay on input line 157.
LaTeX Font Info:    Checking defaults for OT1/cmr/m/n on input line 157.
LaTeX Font Info:    ... okay on input line 157.
LaTeX Font Info:    Checking defaults for T1/cmr/m/n on input line 157.
LaTeX Font Info:    ... okay on input line 157.
LaTeX Font Info:    Checking defaults for TS1/cmr/m/n on input line 157.
LaTeX Font Info:    ... okay on input line 157.
LaTeX Font Info:    Checking defaults for OMX/cmex/m/n on input line 157.
LaTeX Font Info:    ... okay on input line 157.
LaTeX Font Info:    Checking defaults for U/cmr/m/n on input line 157.
LaTeX Font Info:    ... okay on input line 157.
LaTeX Font Info:    Checking defaults for PD1/pdf/m/n on input line 157.
LaTeX Font Info:    ... okay on input line 157.
LaTeX Font Info:    Checking defaults for PU/pdf/m/n on input line 157.
LaTeX Font Info:    ... okay on input line 157.
 (C:\Users\User\AppData\Local\Programs\MiKTeX\tex/context/base/mkii\supp-pdf.mkii
[Loading MPS to PDF converter (version 2006.09.02).]
\scratchcounter=\count358
\scratchdimen=\dimen296
\scratchbox=\box78
\nofMPsegments=\count359
\nofMParguments=\count360
\everyMPshowfont=\toks43
\MPscratchCnt=\count361
\MPscratchDim=\dimen297
\MPnumerator=\count362
\makeMPintoPDFobject=\count363
\everyMPtoPDFconversion=\toks44
) (C:\Users\User\AppData\Local\Programs\MiKTeX\tex/latex/epstopdf-pkg\epstopdf-base.sty
Package: epstopdf-base 2020-01-24 v2.11 Base part for package epstopdf
Package epstopdf-base Info: Redefining graphics rule for `.eps' on input line 485.
 (C:\Users\User\AppData\Local\Programs\MiKTeX\tex/latex/00miktex\epstopdf-sys.cfg
File: epstopdf-sys.cfg 2021/03/18 v2.0 Configuration of epstopdf for MiKTeX
))
\c@lstlisting=\count364
Package tocbasic Info: omitting babel extension for `lol'
(tocbasic)             because of missing \bbl@set@language on input line 157.
Package hyperref Info: Link coloring ON on input line 157.
 (main.out) (main.out)
\@outlinefile=\write5
\openout5 = `main.out'.


*geometry* driver: auto-detecting
*geometry* detected driver: pdftex
*geometry* verbose mode - [ preamble ] result:
* driver: pdftex
* paper: a4paper
* layout: <same size as paper>
* layoutoffset:(h,v)=(0.0pt,0.0pt)
* modes: 
* h-part:(L,W,R)=(90.3375pt, 434.90039pt, 72.26999pt)
* v-part:(T,H,B)=(72.26999pt, 700.50687pt, 72.26999pt)
* \paperwidth=597.50787pt
* \paperheight=845.04684pt
* \textwidth=434.90039pt
* \textheight=700.50687pt
* \oddsidemargin=18.0675pt
* \evensidemargin=18.0675pt
* \topmargin=-37.0pt
* \headheight=12.0pt
* \headsep=25.0pt
* \topskip=12.0pt
* \footskip=30.0pt
* \marginparwidth=44.0pt
* \marginparsep=10.0pt
* \columnsep=10.0pt
* \skip\footins=10.8pt plus 4.0pt minus 2.0pt
* \hoffset=0.0pt
* \voffset=0.0pt
* \mag=1000
* \@twocolumnfalse
* \@twosidefalse
* \@mparswitchfalse
* \@reversemarginfalse
* (1in=72.27pt=25.4mm, 1cm=28.453pt)

Package caption Info: Begin \AtBeginDocument code.
Package caption Info: End \AtBeginDocument code.
(chapters/titlepage.tex
<images/logo.png, id=302, 278.03876pt x 269.005pt>
File: images/logo.png Graphic file (type png)
<use images/logo.png>
Package pdftex.def Info: images/logo.png  used on input line 47.
(pdftex.def)             Requested size: 86.97874pt x 84.15414pt.
 [1

{C:/Users/User/AppData/Local/MiKTeX/fonts/map/pdftex/pdftex.map}{C:/Users/User/AppData/Local/Programs/MiKTeX/fonts/enc/dvips/lm/lm-rm.enc} <./images/logo.png>]) (chapters/declaration.tex
LaTeX Font Info:    Trying to load font information for OML+lmm on input line 26.
 (C:\Users\User\AppData\Local\Programs\MiKTeX\tex/latex/lm\omllmm.fd
File: omllmm.fd 2015/05/01 v1.6.1 Font defs for Latin Modern
)
LaTeX Font Info:    Trying to load font information for OMS+lmsy on input line 26.
 (C:\Users\User\AppData\Local\Programs\MiKTeX\tex/latex/lm\omslmsy.fd
File: omslmsy.fd 2015/05/01 v1.6.1 Font defs for Latin Modern
)
LaTeX Font Info:    Trying to load font information for OMX+lmex on input line 26.
 (C:\Users\User\AppData\Local\Programs\MiKTeX\tex/latex/lm\omxlmex.fd
File: omxlmex.fd 2015/05/01 v1.6.1 Font defs for Latin Modern
)
LaTeX Font Info:    External font `lmex10' loaded for size
(Font)              <12> on input line 26.
LaTeX Font Info:    External font `lmex10' loaded for size
(Font)              <8> on input line 26.
LaTeX Font Info:    External font `lmex10' loaded for size
(Font)              <6> on input line 26.
) (chapters/examiner.tex
pdfTeX warning (ext4): destination with the same identifier (name{page.i}) has been already used, duplicate ignored
<to be read again> 
                   \relax 
l.1 \newpage
             [1]) (chapters/acknowledgements.tex [2]) (chapters/abstract.tex [3]) [4] (main.toc [5

] [6] [7])
\tf@toc=\write6
\openout6 = `main.toc'.

 [8] (main.lof)
\tf@lof=\write7
\openout7 = `main.lof'.

 [9

] (main.lot)
\tf@lot=\write8
\openout8 = `main.lot'.

 [10

]
Chapter 1.
(chapters/introduction.tex [1


]
LaTeX Font Info:    Trying to load font information for TS1+lmr on input line 11.
 (C:\Users\User\AppData\Local\Programs\MiKTeX\tex/latex/lm\ts1lmr.fd
File: ts1lmr.fd 2015/05/01 v1.6.1 Font defs for Latin Modern
) [2{C:/Users/User/AppData/Local/Programs/MiKTeX/fonts/enc/dvips/lm/lm-ts1.enc}] [3{C:/Users/User/AppData/Local/Programs/MiKTeX/fonts/enc/dvips/lm/lm-mathit.enc}] [4]) [5]
Chapter 2.
(chapters/Background_LiteratureReview.tex [6

] [7] [8]
LaTeX Font Info:    External font `lmex10' loaded for size
(Font)              <5> on input line 44.

Underfull \hbox (badness 10000) in paragraph at lines 49--49
[]|\OT1/lmr/m/n/6 Kazi Fuad Bin
 []


Underfull \hbox (badness 4699) in paragraph at lines 49--49
[]|\OT1/lmr/m/n/6 Electricity de-mand
 []


Underfull \hbox (badness 1117) in paragraph at lines 49--50
[]|\OT1/lmr/m/n/6 Limited to spe-cific time-
 []


Underfull \hbox (badness 1521) in paragraph at lines 51--52
[]|\OT1/lmr/m/n/6 High com-pu-ta-tional cost,
 []


Underfull \hbox (badness 10000) in paragraph at lines 55--55
[]|\OT1/lmr/m/n/6 Khairul Eah-sun
 []


Underfull \hbox (badness 2512) in paragraph at lines 55--56
\OT1/lmr/m/n/6 model train-ing for large
 []


Underfull \hbox (badness 10000) in paragraph at lines 57--57
[]|\OT1/lmr/m/n/6 Seyed Mo-ham-mad
 []


Underfull \hbox (badness 1454) in paragraph at lines 57--57
\OT1/lmr/m/n/6 Sharif Hos-seini, et
 []


Underfull \hbox (badness 8056) in paragraph at lines 57--58
[]|\OT1/lmr/m/n/6 Performance drops with
 []


Underfull \hbox (badness 10000) in paragraph at lines 59--59
[]|\OT1/lmr/m/n/6 Javier Manuel
 []


Underfull \hbox (badness 10000) in paragraph at lines 59--59
[]|\OT1/lmr/m/n/6 Smart grid con-
 []


Underfull \hbox (badness 1590) in paragraph at lines 59--59
[]|\OT1/lmr/m/n/6 Deep Learning-based De-
 []


Underfull \hbox (badness 3884) in paragraph at lines 59--60
[]|\OT1/lmr/m/n/6 Limited fo-cus on larger
 []


Underfull \hbox (badness 1087) in paragraph at lines 61--61
[]|\OT1/lmr/m/n/6 Salman Ali, et al.
 []


Underfull \hbox (badness 10000) in paragraph at lines 61--61
[]|\OT1/lmr/m/n/6 Publicly avail-able
 []


Underfull \hbox (badness 1147) in paragraph at lines 61--62
[]|\OT1/lmr/m/n/6 Inadequate for pre-dict-ing
 []


Underfull \hbox (badness 10000) in paragraph at lines 63--63
[]|\OT1/lmr/m/n/6 Syed Muham-mad
 []


Underfull \hbox (badness 10000) in paragraph at lines 63--63
[]|\OT1/lmr/m/n/6 AEP, ISONE
 []


Underfull \hbox (badness 10000) in paragraph at lines 65--65
[]|\OT1/lmr/m/n/6 Venkataramana
 []


Underfull \hbox (badness 3281) in paragraph at lines 65--65
[]|\OT1/lmr/m/n/6 GRU + Ran-dom For-est
 []


Underfull \hbox (badness 3919) in paragraph at lines 65--66
[]|\OT1/lmr/m/n/6 Limited to spe-cific grid
 []


Underfull \hbox (badness 10000) in paragraph at lines 67--67
[]|\OT1/lmr/m/n/6 Commercial build-
 []

[9]) [10]
Chapter 3.
(chapters/SystemAnalysisAndDesignU.tex [11

]
Underfull \hbox (badness 10000) in paragraph at lines 36--36
[]|\OT1/lmr/m/n/6 Visualization of Pre-dic-
 []

[12] [13]
<images/LSTM_GRU_Architecture.png, id=520, 935.8965pt x 299.9205pt>
File: images/LSTM_GRU_Architecture.png Graphic file (type png)
<use images/LSTM_GRU_Architecture.png>
Package pdftex.def Info: images/LSTM_GRU_Architecture.png  used on input line 97.
(pdftex.def)             Requested size: 391.40768pt x 125.4303pt.
 [14]
LaTeX Font Info:    Trying to load font information for OT1+lmtt on input line 106.
 (C:\Users\User\AppData\Local\Programs\MiKTeX\tex/latex/lm\ot1lmtt.fd
File: ot1lmtt.fd 2015/05/01 v1.6.1 Font defs for Latin Modern
) [15{C:/Users/User/AppData/Local/Programs/MiKTeX/fonts/enc/dvips/lm/lm-rmtt.enc} <./images/LSTM_GRU_Architecture.png>]
Overfull \hbox (18.94234pt too wide) in paragraph at lines 112--113
\OT1/lmr/m/n/12 tion tar-get (Class), and the re-gres-sion tar-get (e.g., \OT1/lmtt/m/n/12 loadshed[]lag1\OT1/lmr/m/n/12 , \OT1/lmtt/m/n/12 loadshed[]lag3\OT1/lmr/m/n/12 ). 
 []

[16]
<images/Flow Chart.png, id=537, 329.3103pt x 546.6021pt>
File: images/Flow Chart.png Graphic file (type png)
<use images/Flow Chart.png>
Package pdftex.def Info: images/Flow Chart.png  used on input line 136.
(pdftex.def)             Requested size: 304.42894pt x 505.34047pt.
 [17] [18 <./images/Flow Chart.png>] [19]
Package hyperref Info: bookmark level for unknown algorithm defaults to 0 on input line 171.
LaTeX Font Info:    External font `lmex10' loaded for size
(Font)              <10> on input line 176.
LaTeX Font Info:    External font `lmex10' loaded for size
(Font)              <7> on input line 176.
 [20] [21{C:/Users/User/AppData/Local/Programs/MiKTeX/fonts/enc/dvips/lm/lm-mathsy.enc}]) [22]
Chapter 4.
(chapters/MethodologyAndImplementationU.tex [23

] [24] [25] [26] [27]
Underfull \hbox (badness 10000) in paragraph at lines 113--113
[]|\OT1/lmr/m/n/6 Activation Func-tion
 []


Underfull \hbox (badness 5756) in paragraph at lines 115--115
[]|\OT1/lmr/m/n/6 Adam (learn-ing rate =
 []

[28]) [29]
Chapter 5.
(chapters/ResultsAndEvaluationU.tex [30

{C:/Users/User/AppData/Local/Programs/MiKTeX/fonts/enc/dvips/lm/lm-mathex.enc}]
<images/ActualVsPredicted.png, id=612, 469.755pt x 206.2104pt>
File: images/ActualVsPredicted.png Graphic file (type png)
<use images/ActualVsPredicted.png>
Package pdftex.def Info: images/ActualVsPredicted.png  used on input line 27.
(pdftex.def)             Requested size: 304.42894pt x 133.63556pt.
 [31 <./images/ActualVsPredicted.png>]
<images/Model_Performance.png, id=618, 439.4016pt x 186.9384pt>
File: images/Model_Performance.png Graphic file (type png)
<use images/Model_Performance.png>
Package pdftex.def Info: images/Model_Performance.png  used on input line 37.
(pdftex.def)             Requested size: 304.42894pt x 129.52104pt.
 [32 <./images/Model_Performance.png>] [33]) [34]
Chapter 6.
(chapters/time_cost.tex
Underfull \hbox (badness 2096) in paragraph at lines 26--26
[]|\OT1/lmr/m/n/6 Model Train-ing & Op-ti-
 []


Underfull \hbox (badness 10000) in paragraph at lines 32--32
[]|\OT1/lmr/m/n/6 Documentation & Fi-nal
 []

[35

]) [36]
Chapter 7.
(chapters/Standards_CEP.tex [37

] [38] [39] [40] [41]
Overfull \hbox (1.9765pt too wide) in paragraph at lines 78--78
[]|\OT1/lmr/m/n/6 Ks| 
 []


Underfull \hbox (badness 10000) in paragraph at lines 78--79
[]|\OT1/lmr/m/n/6 Evidence (Sec-
 []


Overfull \hbox (2.71542pt too wide) in paragraph at lines 80--80
[]|\OT1/lmr/m/n/6 K3| 
 []


Underfull \hbox (badness 1194) in paragraph at lines 80--80
[]|\OT1/lmr/m/n/6 The project ap-plies fun-da-men-tal en-gi-neer-ing
 []


Underfull \hbox (badness 10000) in paragraph at lines 80--80
[]|\OT1/lmr/m/n/6 CO1,
 []


Underfull \hbox (badness 10000) in paragraph at lines 80--80
[]|\OT1/lmr/m/n/6 PO7,
 []


Overfull \hbox (2.71542pt too wide) in paragraph at lines 82--82
[]|\OT1/lmr/m/n/6 K4| 
 []


Underfull \hbox (badness 10000) in paragraph at lines 82--82
[]|\OT1/lmr/m/n/6 Specialist Knowl-
 []


Underfull \hbox (badness 10000) in paragraph at lines 82--82
[]|\OT1/lmr/m/n/6 CO2,
 []


Underfull \hbox (badness 10000) in paragraph at lines 82--82
[]|\OT1/lmr/m/n/6 PO2,
 []


Underfull \hbox (badness 10000) in paragraph at lines 82--82
\OT1/lmr/m/n/6 PO3,
 []


Underfull \hbox (badness 10000) in paragraph at lines 82--82
\OT1/lmr/m/n/6 PO6,
 []


Underfull \hbox (badness 5345) in paragraph at lines 82--83
[]|\OT1/lmr/m/n/6 Section 3.2 (Model Ar-
 []


Underfull \hbox (badness 10000) in paragraph at lines 82--83
\OT1/lmr/m/n/6 chi-tec-ture), Sec-tion 4.2
 []


Overfull \hbox (2.71542pt too wide) in paragraph at lines 84--84
[]|\OT1/lmr/m/n/6 K5| 
 []


Underfull \hbox (badness 10000) in paragraph at lines 84--84
[]|\OT1/lmr/m/n/6 CO3,
 []


Underfull \hbox (badness 10000) in paragraph at lines 84--84
[]|\OT1/lmr/m/n/6 PO9,
 []


Underfull \hbox (badness 4752) in paragraph at lines 84--85
[]|\OT1/lmr/m/n/6 Section 3.3 (Model De-
 []


Overfull \hbox (2.71542pt too wide) in paragraph at lines 86--86
[]|\OT1/lmr/m/n/6 K6| 
 []


Underfull \hbox (badness 10000) in paragraph at lines 86--86
[]|\OT1/lmr/m/n/6 Engineering Prac-
 []


Underfull \hbox (badness 10000) in paragraph at lines 86--86
[]|\OT1/lmr/m/n/6 CO3,
 []


Underfull \hbox (badness 10000) in paragraph at lines 86--86
[]|\OT1/lmr/m/n/6 PO3,
 []


Underfull \hbox (badness 10000) in paragraph at lines 86--86
\OT1/lmr/m/n/6 PO4,
 []


Underfull \hbox (badness 10000) in paragraph at lines 86--86
\OT1/lmr/m/n/6 PO5,
 []


Underfull \hbox (badness 2088) in paragraph at lines 86--87
[]|\OT1/lmr/m/n/6 Section 4.3 (Sys-tem Im-
 []


Overfull \hbox (2.71542pt too wide) in paragraph at lines 88--88
[]|\OT1/lmr/m/n/6 K7| 
 []


Underfull \hbox (badness 10000) in paragraph at lines 88--88
[]|\OT1/lmr/m/n/6 Engineering Man-
 []


Underfull \hbox (badness 10000) in paragraph at lines 88--88
[]|\OT1/lmr/m/n/6 CO5,
 []


Underfull \hbox (badness 10000) in paragraph at lines 88--88
[]|\OT1/lmr/m/n/6 PO10,
 []

[42]
Overfull \hbox (1.31549pt too wide) in paragraph at lines 103--103
[]|\OT1/lmr/m/n/6 Ps| 
 []


Underfull \hbox (badness 10000) in paragraph at lines 103--104
[]|\OT1/lmr/m/n/6 Evidence (Sec-
 []


Overfull \hbox (2.05441pt too wide) in paragraph at lines 105--105
[]|\OT1/lmr/m/n/6 P1| 
 []


Underfull \hbox (badness 1424) in paragraph at lines 105--105
[]|\OT1/lmr/m/n/6 Required Depth of
 []


Underfull \hbox (badness 10000) in paragraph at lines 105--105
[]|\OT1/lmr/m/n/6 CO1,
 []


Underfull \hbox (badness 10000) in paragraph at lines 105--105
[]|\OT1/lmr/m/n/6 PO2,
 []


Underfull \hbox (badness 10000) in paragraph at lines 105--106
[]|\OT1/lmr/m/n/6 Section 3.2 (Sys-tem
 []


Overfull \hbox (2.05441pt too wide) in paragraph at lines 107--107
[]|\OT1/lmr/m/n/6 P2| 
 []


Underfull \hbox (badness 2717) in paragraph at lines 107--107
[]|\OT1/lmr/m/n/6 Range of Re-quire-
 []


Underfull \hbox (badness 10000) in paragraph at lines 107--107
[]|\OT1/lmr/m/n/6 CO2,
 []


Underfull \hbox (badness 10000) in paragraph at lines 107--107
\OT1/lmr/m/n/6 CO4,
 []


Underfull \hbox (badness 10000) in paragraph at lines 107--107
[]|\OT1/lmr/m/n/6 PO2,
 []


Underfull \hbox (badness 10000) in paragraph at lines 107--107
\OT1/lmr/m/n/6 PO3,
 []


Underfull \hbox (badness 10000) in paragraph at lines 107--107
\OT1/lmr/m/n/6 PO6,
 []


Underfull \hbox (badness 4316) in paragraph at lines 107--108
[]|\OT1/lmr/m/n/6 Section 3.2 (De-sign Al-
 []


Overfull \hbox (2.05441pt too wide) in paragraph at lines 109--109
[]|\OT1/lmr/m/n/6 P3| 
 []


Underfull \hbox (badness 4954) in paragraph at lines 109--109
[]|\OT1/lmr/m/n/6 Level of Re-quired
 []


Underfull \hbox (badness 10000) in paragraph at lines 109--109
[]|\OT1/lmr/m/n/6 CO1,
 []


Underfull \hbox (badness 10000) in paragraph at lines 109--109
[]|\OT1/lmr/m/n/6 PO2,
 []


Underfull \hbox (badness 5345) in paragraph at lines 109--110
[]|\OT1/lmr/m/n/6 Section 3.2 (Model Ar-
 []


Underfull \hbox (badness 10000) in paragraph at lines 109--110
\OT1/lmr/m/n/6 chi-tec-ture), Sec-tion 4.2
 []


Overfull \hbox (2.05441pt too wide) in paragraph at lines 111--111
[]|\OT1/lmr/m/n/6 P5| 
 []


Underfull \hbox (badness 10000) in paragraph at lines 111--111
[]|\OT1/lmr/m/n/6 Degree of Un-cer-
 []


Underfull \hbox (badness 10000) in paragraph at lines 111--111
[]|\OT1/lmr/m/n/6 CO6,
 []


Underfull \hbox (badness 10000) in paragraph at lines 111--111
[]|\OT1/lmr/m/n/6 PO3,
 []


Underfull \hbox (badness 10000) in paragraph at lines 111--111
\OT1/lmr/m/n/6 PO4,
 []


Underfull \hbox (badness 1314) in paragraph at lines 111--112
[]|\OT1/lmr/m/n/6 Section 3.2 (Re-quire-ment
 []


Underfull \hbox (badness 10000) in paragraph at lines 111--112
\OT1/lmr/m/n/6 Anal-y-sis), Sec-tion 4.2
 []


Overfull \hbox (2.05441pt too wide) in paragraph at lines 113--113
[]|\OT1/lmr/m/n/6 P6| 
 []


Underfull \hbox (badness 10000) in paragraph at lines 113--113
[]|\OT1/lmr/m/n/6 External En-ti-ties
 []


Underfull \hbox (badness 10000) in paragraph at lines 113--113
[]|\OT1/lmr/m/n/6 CO3,
 []


Underfull \hbox (badness 10000) in paragraph at lines 113--113
[]|\OT1/lmr/m/n/6 PO10,
 []


Underfull \hbox (badness 1314) in paragraph at lines 113--114
[]|\OT1/lmr/m/n/6 Section 6.1 (Re-quire-ment
 []


Overfull \hbox (2.05441pt too wide) in paragraph at lines 115--115
[]|\OT1/lmr/m/n/6 P7| 
 []


Underfull \hbox (badness 10000) in paragraph at lines 115--115
[]|\OT1/lmr/m/n/6 CO6,
 []


Underfull \hbox (badness 10000) in paragraph at lines 115--115
[]|\OT1/lmr/m/n/6 PO9,
 []

[43]
Underfull \hbox (badness 10000) in paragraph at lines 131--132
[]|\OT1/lmr/m/n/6 Evidence (Sec-
 []


Underfull \hbox (badness 1122) in paragraph at lines 133--133
\OT1/lmr/m/n/6 learn-ing frame-works (Ten-sor-Flow, Keras), datasets from
 []


Underfull \hbox (badness 2088) in paragraph at lines 133--134
[]|\OT1/lmr/m/n/6 Section 4.3 (Sys-tem Im-
 []


Underfull \hbox (badness 2012) in paragraph at lines 135--136
[]|\OT1/lmr/m/n/6 Section 3.2 (Sys-tem De-
 []


Underfull \hbox (badness 1983) in paragraph at lines 137--137
[]|\OT1/lmr/m/n/6 Design and Im-ple-
 []


Underfull \hbox (badness 4752) in paragraph at lines 137--138
[]|\OT1/lmr/m/n/6 Section 4.2 (Model De-
 []


Underfull \hbox (badness 8170) in paragraph at lines 137--138
\OT1/lmr/m/n/6 vel-op-ment), Sec-tion 5.3
 []


Underfull \hbox (badness 4341) in paragraph at lines 139--140
[]|\OT1/lmr/m/n/6 Section 1.1 (Back-ground
 []


Underfull \hbox (badness 1728) in paragraph at lines 139--140
\OT1/lmr/m/n/6 and Mo-ti-va-tion), Sec-tion
 []


Underfull \hbox (badness 1394) in paragraph at lines 139--140
\OT1/lmr/m/n/6 5.4 (Dis-cus-sion on Find-
 []

[44]) [45]
Chapter 8.
(chapters/ConclusionAndFutureWork.tex [46

] [47] [48] [49]) (main.bbl [50]
Underfull \hbox (badness 1371) in paragraph at lines 27--32
[]\OT1/lmr/m/n/12 Kazi Fuad Bin Akhter, Sa-dia Mobasshira, Saief Nowaz Haque, Mahjub
 []

[51

] [52] [53]) (chapters/Appendices.tex [54]) [55

] (main.aux)
 ***********
LaTeX2e <2025-11-01>
L3 programming layer <2025-11-06>
 ***********
Package rerunfilecheck Info: File `main.out' has not changed.
(rerunfilecheck)             Checksum: 71C9264664CA1124FE8EA354E3BEDE7D;13907.
 ) 
Here is how much of TeX's memory you used:
 23749 strings out of 467871
 434530 string characters out of 5418860
 923989 words of memory out of 5000000
 51961 multiletter control sequences out of 15000+600000
 695243 words of font info for 79 fonts, out of 8000000 for 9000
 1141 hyphenation exceptions out of 8191
 110i,12n,107p,1228b,587s stack positions out of 10000i,1000n,20000p,200000b,200000s
<C:/Users/User/AppData/Local/Programs/MiKTeX/fonts/type1/public/lm/lmbx10.pfb><C:/Users/User/AppData/Local/Programs/MiKTeX/fonts/type1/public/lm/lmbx12.pfb><C:/Users/User/AppData/Local/Programs/MiKTeX/fonts/type1/public/lm/lmbx6.pfb><C:/Users/User/AppData/Local/Programs/MiKTeX/fonts/type1/public/lm/lmex10.pfb><C:/Users/User/AppData/Local/Programs/MiKTeX/fonts/type1/public/lm/lmmi10.pfb><C:/Users/User/AppData/Local/Programs/MiKTeX/fonts/type1/public/lm/lmmi12.pfb><C:/Users/User/AppData/Local/Programs/MiKTeX/fonts/type1/public/lm/lmmi7.pfb><C:/Users/User/AppData/Local/Programs/MiKTeX/fonts/type1/public/lm/lmmi8.pfb><C:/Users/User/AppData/Local/Programs/MiKTeX/fonts/type1/public/lm/lmr10.pfb><C:/Users/User/AppData/Local/Programs/MiKTeX/fonts/type1/public/lm/lmr12.pfb><C:/Users/User/AppData/Local/Programs/MiKTeX/fonts/type1/public/lm/lmr17.pfb><C:/Users/User/AppData/Local/Programs/MiKTeX/fonts/type1/public/lm/lmr6.pfb><C:/Users/User/AppData/Local/Programs/MiKTeX/fonts/type1/public/lm/lmr7.pfb><C:/Users/User/AppData/Local/Programs/MiKTeX/fonts/type1/public/lm/lmr8.pfb><C:/Users/User/AppData/Local/Programs/MiKTeX/fonts/type1/public/lm/lmsy10.pfb><C:/Users/User/AppData/Local/Programs/MiKTeX/fonts/type1/public/lm/lmtt12.pfb>
Output written on main.pdf (66 pages, 922997 bytes).
PDF statistics:
 895 PDF objects out of 1000 (max. 8388607)
 193 named destinations out of 1000 (max. 500000)
 630 words of extra memory for PDF output out of 10000 (max. 10000000)

